<?xml version="1.0" encoding="UTF-8"?>
<testng-results skipped="0" failed="1" total="1" passed="0">
  <reporter-output>
  </reporter-output>
  <suite name="Default suite" duration-ms="59507" started-at="2020-10-19T13:04:13Z" finished-at="2020-10-19T13:05:12Z">
    <groups>
    </groups>
    <test name="Default test" duration-ms="59507" started-at="2020-10-19T13:04:13Z" finished-at="2020-10-19T13:05:12Z">
      <class name="SalesTestCases.Tc_Sales_003_BillEntryCreationAndVerification">
        <test-method status="PASS" signature="Loadlogfile()[pri:0, instance:SalesTestCases.Tc_Sales_003_BillEntryCreationAndVerification@7d907bac]" name="Loadlogfile" is-config="true" duration-ms="161" started-at="2020-10-19T18:34:12Z" finished-at="2020-10-19T18:34:13Z">
          <reporter-output>
          </reporter-output>
        </test-method> <!-- Loadlogfile -->
        <test-method status="PASS" signature="getBrowser()[pri:0, instance:SalesTestCases.Tc_Sales_003_BillEntryCreationAndVerification@7d907bac]" name="getBrowser" is-config="true" duration-ms="37131" started-at="2020-10-19T18:34:13Z" finished-at="2020-10-19T18:34:50Z">
          <reporter-output>
          </reporter-output>
        </test-method> <!-- getBrowser -->
        <test-method status="PASS" signature="LoadMethods()[pri:0, instance:SalesTestCases.Tc_Sales_003_BillEntryCreationAndVerification@7d907bac]" name="LoadMethods" is-config="true" duration-ms="1334" started-at="2020-10-19T18:34:50Z" finished-at="2020-10-19T18:34:51Z">
          <reporter-output>
          </reporter-output>
        </test-method> <!-- LoadMethods -->
        <test-method status="FAIL" signature="BillEntryCreationAndVerificationtestCase()[pri:0, instance:SalesTestCases.Tc_Sales_003_BillEntryCreationAndVerification@7d907bac]" name="BillEntryCreationAndVerificationtestCase" duration-ms="16673" started-at="2020-10-19T18:34:51Z" finished-at="2020-10-19T18:35:08Z">
          <exception class="org.openqa.selenium.ElementClickInterceptedException">
            <message>
              <![CDATA[element click intercepted: Element <input name="viewBtn" type="button" id="viewBtn" value="View" class="buttonMain" onclick="stockBrowser.showStkInStore()" style="border: solid 2px white"> is not clickable at point (1255, 473). Other element would receive the click: <div style="width:1349px;height:659px;position:absolute;z-index:1;filter:alpha(opacity=80);-moz-opacity:0.8; -khtml-opacity: 0.8; opacity: 0.8;background-color:#EEE;"></div>
  (Session info: chrome=86.0.4240.75)
Build info: version: '3.141.59', revision: 'e82be7d358', time: '2018-11-14T08:17:03'
System info: host: 'UBQDT00096', ip: '172.16.1.96', os.name: 'Windows 10', os.arch: 'amd64', os.version: '10.0', java.version: '1.8.0_172'
Driver info: org.openqa.selenium.chrome.ChromeDriver
Capabilities {acceptInsecureCerts: false, browserName: chrome, browserVersion: 86.0.4240.75, chrome: {chromedriverVersion: 86.0.4240.22 (398b0743353ff..., userDataDir: C:\Users\Naveen\AppData\Loc...}, goog:chromeOptions: {debuggerAddress: localhost:57293}, javascriptEnabled: true, networkConnectionEnabled: false, pageLoadStrategy: normal, platform: WINDOWS, platformName: WINDOWS, proxy: Proxy(), setWindowRect: true, strictFileInteractability: false, timeouts: {implicit: 0, pageLoad: 300000, script: 30000}, unhandledPromptBehavior: dismiss and notify, webauthn:virtualAuthenticators: true}
Session ID: 4713d46a85ac338c464f23b514612d47]]>
            </message>
            <full-stacktrace>
              <![CDATA[org.openqa.selenium.ElementClickInterceptedException: element click intercepted: Element <input name="viewBtn" type="button" id="viewBtn" value="View" class="buttonMain" onclick="stockBrowser.showStkInStore()" style="border: solid 2px white"> is not clickable at point (1255, 473). Other element would receive the click: <div style="width:1349px;height:659px;position:absolute;z-index:1;filter:alpha(opacity=80);-moz-opacity:0.8; -khtml-opacity: 0.8; opacity: 0.8;background-color:#EEE;"></div>
  (Session info: chrome=86.0.4240.75)
Build info: version: '3.141.59', revision: 'e82be7d358', time: '2018-11-14T08:17:03'
System info: host: 'UBQDT00096', ip: '172.16.1.96', os.name: 'Windows 10', os.arch: 'amd64', os.version: '10.0', java.version: '1.8.0_172'
Driver info: org.openqa.selenium.chrome.ChromeDriver
Capabilities {acceptInsecureCerts: false, browserName: chrome, browserVersion: 86.0.4240.75, chrome: {chromedriverVersion: 86.0.4240.22 (398b0743353ff..., userDataDir: C:\Users\Naveen\AppData\Loc...}, goog:chromeOptions: {debuggerAddress: localhost:57293}, javascriptEnabled: true, networkConnectionEnabled: false, pageLoadStrategy: normal, platform: WINDOWS, platformName: WINDOWS, proxy: Proxy(), setWindowRect: true, strictFileInteractability: false, timeouts: {implicit: 0, pageLoad: 300000, script: 30000}, unhandledPromptBehavior: dismiss and notify, webauthn:virtualAuthenticators: true}
Session ID: 4713d46a85ac338c464f23b514612d47
	at sun.reflect.NativeConstructorAccessorImpl.newInstance0(Native Method)
	at sun.reflect.NativeConstructorAccessorImpl.newInstance(Unknown Source)
	at sun.reflect.DelegatingConstructorAccessorImpl.newInstance(Unknown Source)
	at java.lang.reflect.Constructor.newInstance(Unknown Source)
	at org.openqa.selenium.remote.http.W3CHttpResponseCodec.createException(W3CHttpResponseCodec.java:187)
	at org.openqa.selenium.remote.http.W3CHttpResponseCodec.decode(W3CHttpResponseCodec.java:122)
	at org.openqa.selenium.remote.http.W3CHttpResponseCodec.decode(W3CHttpResponseCodec.java:49)
	at org.openqa.selenium.remote.HttpCommandExecutor.execute(HttpCommandExecutor.java:158)
	at org.openqa.selenium.remote.service.DriverCommandExecutor.execute(DriverCommandExecutor.java:83)
	at org.openqa.selenium.remote.RemoteWebDriver.execute(RemoteWebDriver.java:552)
	at org.openqa.selenium.remote.RemoteWebElement.execute(RemoteWebElement.java:285)
	at org.openqa.selenium.remote.RemoteWebElement.click(RemoteWebElement.java:84)
	at sun.reflect.NativeMethodAccessorImpl.invoke0(Native Method)
	at sun.reflect.NativeMethodAccessorImpl.invoke(Unknown Source)
	at sun.reflect.DelegatingMethodAccessorImpl.invoke(Unknown Source)
	at java.lang.reflect.Method.invoke(Unknown Source)
	at org.openqa.selenium.support.pagefactory.internal.LocatingElementHandler.invoke(LocatingElementHandler.java:51)
	at com.sun.proxy.$Proxy13.click(Unknown Source)
	at com.UBQGenericLib.WebDriverCommonLib.buttonClick(WebDriverCommonLib.java:422)
	at com.UBQPageObjectLib.StockBrowser.clickOnViewBtn(StockBrowser.java:285)
	at SalesTestCases.Tc_Sales_003_BillEntryCreationAndVerification.BillEntryCreationAndVerificationtestCase(Tc_Sales_003_BillEntryCreationAndVerification.java:334)
	at sun.reflect.NativeMethodAccessorImpl.invoke0(Native Method)
	at sun.reflect.NativeMethodAccessorImpl.invoke(Unknown Source)
	at sun.reflect.DelegatingMethodAccessorImpl.invoke(Unknown Source)
	at java.lang.reflect.Method.invoke(Unknown Source)
	at org.testng.internal.MethodInvocationHelper.invokeMethod(MethodInvocationHelper.java:86)
	at org.testng.internal.Invoker.invokeMethod(Invoker.java:643)
	at org.testng.internal.Invoker.invokeTestMethod(Invoker.java:820)
	at org.testng.internal.Invoker.invokeTestMethods(Invoker.java:1128)
	at org.testng.internal.TestMethodWorker.invokeTestMethods(TestMethodWorker.java:129)
	at org.testng.internal.TestMethodWorker.run(TestMethodWorker.java:112)
	at org.testng.TestRunner.privateRun(TestRunner.java:782)
	at org.testng.TestRunner.run(TestRunner.java:632)
	at org.testng.SuiteRunner.runTest(SuiteRunner.java:366)
	at org.testng.SuiteRunner.runSequentially(SuiteRunner.java:361)
	at org.testng.SuiteRunner.privateRun(SuiteRunner.java:319)
	at org.testng.SuiteRunner.run(SuiteRunner.java:268)
	at org.testng.SuiteRunnerWorker.runSuite(SuiteRunnerWorker.java:52)
	at org.testng.SuiteRunnerWorker.run(SuiteRunnerWorker.java:86)
	at org.testng.TestNG.runSuitesSequentially(TestNG.java:1244)
	at org.testng.TestNG.runSuitesLocally(TestNG.java:1169)
	at org.testng.TestNG.run(TestNG.java:1064)
	at org.testng.remote.AbstractRemoteTestNG.run(AbstractRemoteTestNG.java:132)
	at org.testng.remote.RemoteTestNG.initAndRun(RemoteTestNG.java:230)
	at org.testng.remote.RemoteTestNG.main(RemoteTestNG.java:76)
]]>
            </full-stacktrace>
          </exception> <!-- org.openqa.selenium.ElementClickInterceptedException -->
          <reporter-output>
          </reporter-output>
        </test-method> <!-- BillEntryCreationAndVerificationtestCase -->
        <test-method status="PASS" signature="Logout()[pri:0, instance:SalesTestCases.Tc_Sales_003_BillEntryCreationAndVerification@7d907bac]" name="Logout" is-config="true" duration-ms="3604" started-at="2020-10-19T18:35:09Z" finished-at="2020-10-19T18:35:12Z">
          <reporter-output>
          </reporter-output>
        </test-method> <!-- Logout -->
      </class> <!-- SalesTestCases.Tc_Sales_003_BillEntryCreationAndVerification -->
    </test> <!-- Default test -->
  </suite> <!-- Default suite -->
</testng-results>
